<?xml version="1.0" encoding="utf-8"?><testsuites name="pytest tests"><testsuite name="pytest" errors="0" failures="1" skipped="0" tests="13" time="12.672" timestamp="2026-05-08T03:41:24.793954+00:00" hostname="agent-env-cf19c693-625d-4d46-ae58-dd097d8f1ab0"><testcase classname="backend.tests.test_rev_radar.TestAuth" name="test_login_demo" time="0.529" /><testcase classname="backend.tests.test_rev_radar.TestAuth" name="test_login_wrong_password" time="0.270" /><testcase classname="backend.tests.test_rev_radar.TestAuth" name="test_register_and_me" time="0.340"><failure message="AssertionError: assert 'test_6d1d9e69@revradar.app' == 'TEST_6d1d9e69@revradar.app'&#10;  &#10;  - TEST_6d1d9e69@revradar.app&#10;  ? ^^^^&#10;  + test_6d1d9e69@revradar.app&#10;  ? ^^^^">backend/tests/test_rev_radar.py:67: in test_register_and_me
    assert r2.json()["email"] == email
E   AssertionError: assert 'test_6d1d9e69@revradar.app' == 'TEST_6d1d9e69@revradar.app'
E     
E     - TEST_6d1d9e69@revradar.app
E     ? ^^^^
E     + test_6d1d9e69@revradar.app
E     ? ^^^^</failure></testcase><testcase classname="backend.tests.test_rev_radar.TestAuth" name="test_me_no_token" time="0.048" /><testcase classname="backend.tests.test_rev_radar.TestAuth" name="test_profile_update" time="0.068" /><testcase classname="backend.tests.test_rev_radar.TestLocation" name="test_update_and_nearby" time="0.100" /><testcase classname="backend.tests.test_rev_radar.TestHazards" name="test_crud_and_filter" time="0.408" /><testcase classname="backend.tests.test_rev_radar.TestChannels" name="test_list_channels" time="0.069" /><testcase classname="backend.tests.test_rev_radar.TestChannels" name="test_ptt_post_and_history" time="0.115" /><testcase classname="backend.tests.test_rev_radar.TestVoice" name="test_invalid_audio_rejected" time="10.067" /><testcase classname="backend.tests.test_rev_radar.TestVoice" name="test_invalid_b64" time="0.047" /><testcase classname="backend.tests.test_rev_radar.TestWebSocket" name="test_ws_no_token_closes" time="0.193" /><testcase classname="backend.tests.test_rev_radar.TestWebSocket" name="test_ws_with_token_ping" time="0.217" /></testsuite></testsuites>