<?xml version="1.0" encoding="utf-8"?><testsuites name="pytest tests"><testsuite name="pytest" errors="0" failures="0" skipped="0" tests="26" time="9.983" timestamp="2026-05-08T04:21:49.833265+00:00" hostname="agent-env-cf19c693-625d-4d46-ae58-dd097d8f1ab0"><testcase classname="backend.tests.test_convoy_v3.TestAuth" name="test_login_demo" time="1.494" /><testcase classname="backend.tests.test_convoy_v3.TestAuth" name="test_login_bad_pw" time="0.779" /><testcase classname="backend.tests.test_convoy_v3.TestChannelsRemoved" name="test_channels_endpoint_gone" time="0.313" /><testcase classname="backend.tests.test_convoy_v3.TestCommunitiesSeed" name="test_demo_has_seeded_community" time="0.280" /><testcase classname="backend.tests.test_convoy_v3.TestCommunitiesSeed" name="test_alex_is_member_of_bay" time="0.516" /><testcase classname="backend.tests.test_convoy_v3.TestCommunitiesSeed" name="test_sara_admin_of_mountain" time="0.471" /><testcase classname="backend.tests.test_convoy_v3.TestCommunityCRUD" name="test_create_persists_in_mine" time="0.246" /><testcase classname="backend.tests.test_convoy_v3.TestCommunityCRUD" name="test_search_finds_public_community" time="0.115" /><testcase classname="backend.tests.test_convoy_v3.TestCommunityCRUD" name="test_search_empty_q_returns_public" time="0.103" /><testcase classname="backend.tests.test_convoy_v3.TestCommunityCRUD" name="test_request_join_flow" time="0.602" /><testcase classname="backend.tests.test_convoy_v3.TestCommunityCRUD" name="test_non_admin_cannot_approve" time="0.486" /><testcase classname="backend.tests.test_convoy_v3.TestCommunityCRUD" name="test_admin_approves" time="0.537" /><testcase classname="backend.tests.test_convoy_v3.TestCommunityCRUD" name="test_reject_request" time="0.663" /><testcase classname="backend.tests.test_convoy_v3.TestCommunityCRUD" name="test_join_via_invite_code" time="0.097" /><testcase classname="backend.tests.test_convoy_v3.TestCommunityCRUD" name="test_join_via_bad_code" time="0.107" /><testcase classname="backend.tests.test_convoy_v3.TestCommunityCRUD" name="test_non_admin_leave" time="0.202" /><testcase classname="backend.tests.test_convoy_v3.TestCommunityCRUD" name="test_admin_cannot_leave" time="0.113" /><testcase classname="backend.tests.test_convoy_v3.TestCommunityCRUD" name="test_non_admin_cannot_delete" time="0.105" /><testcase classname="backend.tests.test_convoy_v3.TestCommunityCRUD" name="test_admin_delete" time="0.315" /><testcase classname="backend.tests.test_convoy_v3.TestPTTMembership" name="test_get_bay_community_id" time="0.218" /><testcase classname="backend.tests.test_convoy_v3.TestPTTMembership" name="test_member_can_post_ptt" time="0.256" /><testcase classname="backend.tests.test_convoy_v3.TestPTTMembership" name="test_non_member_cannot_post_ptt" time="0.102" /><testcase classname="backend.tests.test_convoy_v3.TestPTTMembership" name="test_non_member_cannot_get_ptt" time="0.112" /><testcase classname="backend.tests.test_convoy_v3.TestPTTMembership" name="test_unknown_channel_403_or_404" time="0.105" /><testcase classname="backend.tests.test_convoy_v3.TestHazards" name="test_create_and_list" time="0.322" /><testcase classname="backend.tests.test_convoy_v3.TestHazards" name="test_invalid_kind" time="0.103" /></testsuite></testsuites>